<!doctype html>
<html lang="en"><head><meta charSet="utf-8"/><meta http-equiv="X-UA-Compatible" content="IE=edge"/><meta name="viewport" content="width=device-width, initial-scale=1"/><title>Mochawesome Report</title><link rel="stylesheet" href="assets/app.css"/></head><body data-raw="{&quot;stats&quot;:{&quot;suites&quot;:1,&quot;tests&quot;:4,&quot;passes&quot;:0,&quot;pending&quot;:0,&quot;failures&quot;:4,&quot;start&quot;:&quot;2021-04-14T13:06:17.387Z&quot;,&quot;end&quot;:&quot;2021-04-14T13:06:41.681Z&quot;,&quot;duration&quot;:24294,&quot;testsRegistered&quot;:4,&quot;passPercent&quot;:0,&quot;pendingPercent&quot;:0,&quot;other&quot;:0,&quot;hasOther&quot;:false,&quot;skipped&quot;:0,&quot;hasSkipped&quot;:false},&quot;results&quot;:[{&quot;uuid&quot;:&quot;8ed54dee-ce1d-4492-ac77-a2441241c52c&quot;,&quot;title&quot;:&quot;&quot;,&quot;fullFile&quot;:&quot;cypress/integration/specs/testIntegers.js&quot;,&quot;file&quot;:&quot;cypress/integration/specs/testIntegers.js&quot;,&quot;beforeHooks&quot;:[],&quot;afterHooks&quot;:[],&quot;tests&quot;:[],&quot;suites&quot;:[{&quot;uuid&quot;:&quot;c68e2766-530b-4763-a375-f1789fae2d53&quot;,&quot;title&quot;:&quot;Calculator - Test Integers&quot;,&quot;fullFile&quot;:&quot;&quot;,&quot;file&quot;:&quot;&quot;,&quot;beforeHooks&quot;:[],&quot;afterHooks&quot;:[],&quot;tests&quot;:[{&quot;title&quot;:&quot;Test - Add Integers&quot;,&quot;fullTitle&quot;:&quot;Calculator - Test Integers Test - Add Integers&quot;,&quot;duration&quot;:5479,&quot;state&quot;:&quot;failed&quot;,&quot;pass&quot;:false,&quot;fail&quot;:true,&quot;pending&quot;:false,&quot;code&quot;:&quot;cy.add(&#x27;2&#x27;, &#x27;4&#x27;).should(&#x27;have.value&#x27;, &#x27;6&#x27;);&quot;,&quot;err&quot;:{&quot;message&quot;:&quot;AssertionError: Timed out retrying after 4000ms: expected &#x27;&lt;input.result&gt;&#x27; to have value &#x27;6&#x27;, but the value was &#x27;&#x27;&quot;,&quot;estack&quot;:&quot;AssertionError: Timed out retrying after 4000ms: expected &#x27;&lt;input.result&gt;&#x27; to have value &#x27;6&#x27;, but the value was &#x27;&#x27;\n    at Context.eval (https://calculator-web.azurewebsites.net/__cypress/tests?p=cypress/integration/specs/testIntegers.js:101:22)&quot;,&quot;diff&quot;:&quot;+ &#x27;6&#x27;\n&quot;},&quot;uuid&quot;:&quot;ab5f76b4-a8f3-41f6-a007-542d393a7cf5&quot;,&quot;parentUUID&quot;:&quot;c68e2766-530b-4763-a375-f1789fae2d53&quot;,&quot;isHook&quot;:false,&quot;skipped&quot;:false},{&quot;title&quot;:&quot;Test - Subtract Integers&quot;,&quot;fullTitle&quot;:&quot;Calculator - Test Integers Test - Subtract Integers&quot;,&quot;duration&quot;:5123,&quot;state&quot;:&quot;failed&quot;,&quot;pass&quot;:false,&quot;fail&quot;:true,&quot;pending&quot;:false,&quot;code&quot;:&quot;cy.subtract(&#x27;2&#x27;, &#x27;4&#x27;).should(&#x27;have.value&#x27;, &#x27;-2&#x27;);&quot;,&quot;err&quot;:{&quot;message&quot;:&quot;AssertionError: Timed out retrying after 4000ms: expected &#x27;&lt;input.result&gt;&#x27; to have value &#x27;-2&#x27;, but the value was &#x27;&#x27;&quot;,&quot;estack&quot;:&quot;AssertionError: Timed out retrying after 4000ms: expected &#x27;&lt;input.result&gt;&#x27; to have value &#x27;-2&#x27;, but the value was &#x27;&#x27;\n    at Context.eval (https://calculator-web.azurewebsites.net/__cypress/tests?p=cypress/integration/specs/testIntegers.js:104:27)&quot;,&quot;diff&quot;:&quot;+ &#x27;-2&#x27;\n&quot;},&quot;uuid&quot;:&quot;2b8f5610-c449-49e1-9591-63ffbb65fd35&quot;,&quot;parentUUID&quot;:&quot;c68e2766-530b-4763-a375-f1789fae2d53&quot;,&quot;isHook&quot;:false,&quot;skipped&quot;:false},{&quot;title&quot;:&quot;Test - Multiply Integers&quot;,&quot;fullTitle&quot;:&quot;Calculator - Test Integers Test - Multiply Integers&quot;,&quot;duration&quot;:5138,&quot;state&quot;:&quot;failed&quot;,&quot;pass&quot;:false,&quot;fail&quot;:true,&quot;pending&quot;:false,&quot;code&quot;:&quot;cy.multiply(&#x27;2&#x27;, &#x27;2&#x27;).should(&#x27;have.value&#x27;, &#x27;4&#x27;);&quot;,&quot;err&quot;:{&quot;message&quot;:&quot;AssertionError: Timed out retrying after 4000ms: expected &#x27;&lt;input.result&gt;&#x27; to have value &#x27;4&#x27;, but the value was &#x27;&#x27;&quot;,&quot;estack&quot;:&quot;AssertionError: Timed out retrying after 4000ms: expected &#x27;&lt;input.result&gt;&#x27; to have value &#x27;4&#x27;, but the value was &#x27;&#x27;\n    at Context.eval (https://calculator-web.azurewebsites.net/__cypress/tests?p=cypress/integration/specs/testIntegers.js:107:27)&quot;,&quot;diff&quot;:&quot;+ &#x27;4&#x27;\n&quot;},&quot;uuid&quot;:&quot;cb654ef4-f5a4-413e-87b4-3369fcb38a47&quot;,&quot;parentUUID&quot;:&quot;c68e2766-530b-4763-a375-f1789fae2d53&quot;,&quot;isHook&quot;:false,&quot;skipped&quot;:false},{&quot;title&quot;:&quot;Test - Divide Integers&quot;,&quot;fullTitle&quot;:&quot;Calculator - Test Integers Test - Divide Integers&quot;,&quot;duration&quot;:5098,&quot;state&quot;:&quot;failed&quot;,&quot;pass&quot;:false,&quot;fail&quot;:true,&quot;pending&quot;:false,&quot;code&quot;:&quot;cy.divide(&#x27;4&#x27;, &#x27;2&#x27;).should(&#x27;have.value&#x27;, &#x27;2&#x27;);&quot;,&quot;err&quot;:{&quot;message&quot;:&quot;AssertionError: Timed out retrying after 4000ms: expected &#x27;&lt;input.result&gt;&#x27; to have value &#x27;2&#x27;, but the value was &#x27;&#x27;&quot;,&quot;estack&quot;:&quot;AssertionError: Timed out retrying after 4000ms: expected &#x27;&lt;input.result&gt;&#x27; to have value &#x27;2&#x27;, but the value was &#x27;&#x27;\n    at Context.eval (https://calculator-web.azurewebsites.net/__cypress/tests?p=cypress/integration/specs/testIntegers.js:110:25)&quot;,&quot;diff&quot;:&quot;+ &#x27;2&#x27;\n&quot;},&quot;uuid&quot;:&quot;e8ba1116-4fff-42b2-8755-6d92c375a6d4&quot;,&quot;parentUUID&quot;:&quot;c68e2766-530b-4763-a375-f1789fae2d53&quot;,&quot;isHook&quot;:false,&quot;skipped&quot;:false}],&quot;suites&quot;:[],&quot;passes&quot;:[],&quot;failures&quot;:[&quot;ab5f76b4-a8f3-41f6-a007-542d393a7cf5&quot;,&quot;2b8f5610-c449-49e1-9591-63ffbb65fd35&quot;,&quot;cb654ef4-f5a4-413e-87b4-3369fcb38a47&quot;,&quot;e8ba1116-4fff-42b2-8755-6d92c375a6d4&quot;],&quot;pending&quot;:[],&quot;skipped&quot;:[],&quot;duration&quot;:20838,&quot;root&quot;:false,&quot;rootEmpty&quot;:false,&quot;_timeout&quot;:2000}],&quot;passes&quot;:[],&quot;failures&quot;:[],&quot;pending&quot;:[],&quot;skipped&quot;:[],&quot;duration&quot;:0,&quot;root&quot;:true,&quot;rootEmpty&quot;:true,&quot;_timeout&quot;:2000}],&quot;meta&quot;:{&quot;mocha&quot;:{&quot;version&quot;:&quot;7.0.1&quot;},&quot;mochawesome&quot;:{&quot;options&quot;:{&quot;quiet&quot;:false,&quot;reportFilename&quot;:&quot;mochawesome&quot;,&quot;saveHtml&quot;:true,&quot;saveJson&quot;:true,&quot;consoleReporter&quot;:&quot;spec&quot;,&quot;useInlineDiffs&quot;:false,&quot;code&quot;:true},&quot;version&quot;:&quot;6.2.2&quot;},&quot;marge&quot;:{&quot;options&quot;:null,&quot;version&quot;:&quot;5.2.0&quot;}}}" data-config="{&quot;reportFilename&quot;:&quot;mochawesome&quot;,&quot;reportDir&quot;:&quot;mochawesome-report&quot;,&quot;reportTitle&quot;:&quot;CalculatorAppCypressTests&quot;,&quot;reportPageTitle&quot;:&quot;Mochawesome Report&quot;,&quot;inline&quot;:false,&quot;inlineAssets&quot;:false,&quot;cdn&quot;:false,&quot;charts&quot;:false,&quot;enableCharts&quot;:false,&quot;code&quot;:true,&quot;enableCode&quot;:true,&quot;autoOpen&quot;:false,&quot;overwrite&quot;:true,&quot;timestamp&quot;:false,&quot;ts&quot;:false,&quot;showPassed&quot;:true,&quot;showFailed&quot;:true,&quot;showPending&quot;:true,&quot;showSkipped&quot;:false,&quot;showHooks&quot;:&quot;failed&quot;,&quot;saveJson&quot;:true,&quot;saveHtml&quot;:true,&quot;dev&quot;:false,&quot;assetsDir&quot;:&quot;mochawesome-report/assets&quot;,&quot;jsonFile&quot;:&quot;/Users/camy/Desktop/Kiwibank Assessment/CalculatorAppCypressTests/mochawesome-report/mochawesome.json&quot;,&quot;htmlFile&quot;:&quot;/Users/camy/Desktop/Kiwibank Assessment/CalculatorAppCypressTests/mochawesome-report/mochawesome.html&quot;}"><div id="report"></div><script src="assets/app.js"></script></body></html>