{
  "stats": {
    "suites": 1,
    "tests": 4,
    "passes": 4,
    "pending": 0,
    "failures": 0,
    "start": "2021-04-15T03:09:58.662Z",
    "end": "2021-04-15T03:10:04.343Z",
    "duration": 5681,
    "testsRegistered": 4,
    "passPercent": 100,
    "pendingPercent": 0,
    "other": 0,
    "hasOther": false,
    "skipped": 0,
    "hasSkipped": false
  },
  "results": [
    {
      "uuid": "78a76d75-bc1a-4314-b13e-e6873add71ee",
      "title": "",
      "fullFile": "cypress/integration/specs/testIntegers.js",
      "file": "cypress/integration/specs/testIntegers.js",
      "beforeHooks": [],
      "afterHooks": [],
      "tests": [],
      "suites": [
        {
          "uuid": "2a68fdb2-ae08-46ef-8452-35100a723b4d",
          "title": "Calculator - Test Integers",
          "fullFile": "",
          "file": "",
          "beforeHooks": [],
          "afterHooks": [],
          "tests": [
            {
              "title": "Test - Add Integers",
              "fullTitle": "Calculator - Test Integers Test - Add Integers",
              "timedOut": null,
              "duration": 1910,
              "state": "passed",
              "speed": "slow",
              "pass": true,
              "fail": false,
              "pending": false,
              "context": null,
              "code": "cy.add('2', '4').should('have.value', '6');",
              "err": {},
              "uuid": "aa34a7f2-4e6b-44e0-b7e9-e7c401814b93",
              "parentUUID": "2a68fdb2-ae08-46ef-8452-35100a723b4d",
              "isHook": false,
              "skipped": false
            },
            {
              "title": "Test - Subtract Integers",
              "fullTitle": "Calculator - Test Integers Test - Subtract Integers",
              "timedOut": null,
              "duration": 790,
              "state": "passed",
              "speed": "slow",
              "pass": true,
              "fail": false,
              "pending": false,
              "context": null,
              "code": "cy.subtract('2', '4').should('have.value', '-2');",
              "err": {},
              "uuid": "4d664943-7051-4d63-90fb-2dd11b4358c7",
              "parentUUID": "2a68fdb2-ae08-46ef-8452-35100a723b4d",
              "isHook": false,
              "skipped": false
            },
            {
              "title": "Test - Multiply Integers",
              "fullTitle": "Calculator - Test Integers Test - Multiply Integers",
              "timedOut": null,
              "duration": 780,
              "state": "passed",
              "speed": "slow",
              "pass": true,
              "fail": false,
              "pending": false,
              "context": null,
              "code": "cy.multiply('2', '2').should('have.value', '4');",
              "err": {},
              "uuid": "7e7b954c-a455-4ae0-8679-d77ec66d64d3",
              "parentUUID": "2a68fdb2-ae08-46ef-8452-35100a723b4d",
              "isHook": false,
              "skipped": false
            },
            {
              "title": "Test - Divide Integers",
              "fullTitle": "Calculator - Test Integers Test - Divide Integers",
              "timedOut": null,
              "duration": 900,
              "state": "passed",
              "speed": "slow",
              "pass": true,
              "fail": false,
              "pending": false,
              "context": null,
              "code": "cy.divide('4', '2').should('have.value', '2');",
              "err": {},
              "uuid": "4bd6bf0e-7091-4e9c-a181-919475a238f0",
              "parentUUID": "2a68fdb2-ae08-46ef-8452-35100a723b4d",
              "isHook": false,
              "skipped": false
            }
          ],
          "suites": [],
          "passes": [
            "aa34a7f2-4e6b-44e0-b7e9-e7c401814b93",
            "4d664943-7051-4d63-90fb-2dd11b4358c7",
            "7e7b954c-a455-4ae0-8679-d77ec66d64d3",
            "4bd6bf0e-7091-4e9c-a181-919475a238f0"
          ],
          "failures": [],
          "pending": [],
          "skipped": [],
          "duration": 4380,
          "root": false,
          "rootEmpty": false,
          "_timeout": 2000
        }
      ],
      "passes": [],
      "failures": [],
      "pending": [],
      "skipped": [],
      "duration": 0,
      "root": true,
      "rootEmpty": true,
      "_timeout": 2000
    }
  ],
  "meta": {
    "mocha": {
      "version": "7.0.1"
    },
    "mochawesome": {
      "options": {
        "quiet": false,
        "reportFilename": "mochawesome",
        "saveHtml": true,
        "saveJson": true,
        "consoleReporter": "spec",
        "useInlineDiffs": false,
        "code": true
      },
      "version": "6.2.2"
    },
    "marge": {
      "options": null,
      "version": "5.2.0"
    }
  }
}